fev. 25, 2025 5:51:42 PM liquibase.changelog
INFO: Reading resource: db/changelog/migrations/db.changelog-202502251715.sql
fev. 25, 2025 5:51:42 PM liquibase.changelog
INFO: Reading resource: db/changelog/migrations/db.changelog-202502251716.sql
fev. 25, 2025 5:51:42 PM liquibase.changelog
INFO: Reading resource: db/changelog/migrations/db.changelog-202502251717.sql
fev. 25, 2025 5:51:42 PM liquibase.changelog
INFO: Reading resource: db/changelog/migrations/db.changelog-202502251718.sql
fev. 25, 2025 5:51:42 PM liquibase.changelog
INFO: Reading resource: db/changelog/migrations/db.changelog-202502251719.sql
fev. 25, 2025 5:51:42 PM liquibase.changelog
INFO: Reading from board.databasechangelog
Database is up to date, no changesets to execute
fev. 25, 2025 5:51:42 PM liquibase.changelog
INFO: Reading from board.databasechangelog

UPDATE SUMMARY
Run:                          0
Previously run:               5
Filtered out:                 0
-------------------------------
Total change sets:            5

fev. 25, 2025 5:51:42 PM liquibase.util
INFO: UPDATE SUMMARY
fev. 25, 2025 5:51:42 PM liquibase.util
INFO: Run:                          0
fev. 25, 2025 5:51:42 PM liquibase.util
INFO: Previously run:               5
fev. 25, 2025 5:51:42 PM liquibase.util
INFO: Filtered out:                 0
fev. 25, 2025 5:51:42 PM liquibase.util
INFO: -------------------------------
fev. 25, 2025 5:51:42 PM liquibase.util
INFO: Total change sets:            5
fev. 25, 2025 5:51:42 PM liquibase.util
INFO: Update summary generated
fev. 25, 2025 5:51:42 PM liquibase.lockservice
INFO: Successfully released change log lock
fev. 25, 2025 5:51:42 PM liquibase.command
INFO: Command execution complete
